Traceback (most recent call last):
  File "/opt/jupyterhub/lib/python3.10/site-packages/jupyter_cache/executors/utils.py", line 58, in single_nb_execution
    executenb(
  File "/opt/jupyterhub/lib/python3.10/site-packages/nbclient/client.py", line 1314, in execute
    return NotebookClient(nb=nb, resources=resources, km=km, **kwargs).execute()
  File "/opt/jupyterhub/lib/python3.10/site-packages/jupyter_core/utils/__init__.py", line 165, in wrapped
    return loop.run_until_complete(inner)
  File "/usr/lib/python3.10/asyncio/base_events.py", line 649, in run_until_complete
    return future.result()
  File "/opt/jupyterhub/lib/python3.10/site-packages/nbclient/client.py", line 709, in async_execute
    await self.async_execute_cell(
  File "/opt/jupyterhub/lib/python3.10/site-packages/nbclient/client.py", line 1062, in async_execute_cell
    await self._check_raise_for_error(cell, cell_index, exec_reply)
  File "/opt/jupyterhub/lib/python3.10/site-packages/nbclient/client.py", line 918, in _check_raise_for_error
    raise CellExecutionError.from_cell_and_msg(cell, exec_reply_content)
nbclient.exceptions.CellExecutionError: An error occurred while executing the following cell:
------------------
from scipy import stats

# Generate sample data
df = pd.DataFrame({"Flow Rate (L/s)": [1.2, 1.3, 1.1, 50.0, 1.4, 1.2]})

# Compute Z-scores
df["Z-score"] = stats.zscore(df["Flow Rate (L/s)"])

# Filter out extreme outliers
df_cleaned = df[df["Z-score"].abs() < 3]

print(df_cleaned)

------------------


[0;31m---------------------------------------------------------------------------[0m
[0;31mNameError[0m                                 Traceback (most recent call last)
Cell [0;32mIn[1], line 4[0m
[1;32m      1[0m [38;5;28;01mfrom[39;00m [38;5;21;01mscipy[39;00m [38;5;28;01mimport[39;00m stats
[1;32m      3[0m [38;5;66;03m# Generate sample data[39;00m
[0;32m----> 4[0m df [38;5;241m=[39m [43mpd[49m[38;5;241m.[39mDataFrame({[38;5;124m"[39m[38;5;124mFlow Rate (L/s)[39m[38;5;124m"[39m: [[38;5;241m1.2[39m, [38;5;241m1.3[39m, [38;5;241m1.1[39m, [38;5;241m50.0[39m, [38;5;241m1.4[39m, [38;5;241m1.2[39m]})
[1;32m      6[0m [38;5;66;03m# Compute Z-scores[39;00m
[1;32m      7[0m df[[38;5;124m"[39m[38;5;124mZ-score[39m[38;5;124m"[39m] [38;5;241m=[39m stats[38;5;241m.[39mzscore(df[[38;5;124m"[39m[38;5;124mFlow Rate (L/s)[39m[38;5;124m"[39m])

[0;31mNameError[0m: name 'pd' is not defined

