Traceback (most recent call last):
  File "/opt/jupyterhub/lib/python3.8/site-packages/jupyter_cache/executors/utils.py", line 51, in single_nb_execution
    executenb(
  File "/opt/jupyterhub/lib/python3.8/site-packages/nbclient/client.py", line 1087, in execute
    return NotebookClient(nb=nb, resources=resources, km=km, **kwargs).execute()
  File "/opt/jupyterhub/lib/python3.8/site-packages/nbclient/util.py", line 74, in wrapped
    return just_run(coro(*args, **kwargs))
  File "/opt/jupyterhub/lib/python3.8/site-packages/nbclient/util.py", line 53, in just_run
    return loop.run_until_complete(coro)
  File "/usr/lib/python3.8/asyncio/base_events.py", line 616, in run_until_complete
    return future.result()
  File "/opt/jupyterhub/lib/python3.8/site-packages/nbclient/client.py", line 540, in async_execute
    await self.async_execute_cell(
  File "/opt/jupyterhub/lib/python3.8/site-packages/nbclient/client.py", line 832, in async_execute_cell
    self._check_raise_for_error(cell, exec_reply)
  File "/opt/jupyterhub/lib/python3.8/site-packages/nbclient/client.py", line 740, in _check_raise_for_error
    raise CellExecutionError.from_cell_and_msg(cell, exec_reply['content'])
nbclient.exceptions.CellExecutionError: An error occurred while executing the following cell:
------------------
Budget = Movies['Budget_million$']
#via Numpy:
IQR1 = numpy.percentile(Budget, 75) -np.percentile(Budget, 25)    #returns the IQR = Q3-Q1 = P75-P25
print("The IQR of the budget of the Top10 highest-grossing films is ",IQR1)
#via scipy.stats:
IQR2 = scipy.stats.iqr(Budget)    #returns the IQR- Can be used for other percentile differences as well >> iqr(object, rng=(p1, p2))
print("The IQR of the budget of the Top10 highest-grossing films is ",IQR2)
------------------

[0;31m---------------------------------------------------------------------------[0m
[0;31mNameError[0m                                 Traceback (most recent call last)
[0;32m<ipython-input-18-b5f8a4b14d47>[0m in [0;36m<module>[0;34m[0m
[1;32m      1[0m [0mBudget[0m [0;34m=[0m [0mMovies[0m[0;34m[[0m[0;34m'Budget_million$'[0m[0;34m][0m[0;34m[0m[0;34m[0m[0m
[1;32m      2[0m [0;31m#via Numpy:[0m[0;34m[0m[0;34m[0m[0;34m[0m[0m
[0;32m----> 3[0;31m [0mIQR1[0m [0;34m=[0m [0mnumpy[0m[0;34m.[0m[0mpercentile[0m[0;34m([0m[0mBudget[0m[0;34m,[0m [0;36m75[0m[0;34m)[0m [0;34m-[0m[0mnp[0m[0;34m.[0m[0mpercentile[0m[0;34m([0m[0mBudget[0m[0;34m,[0m [0;36m25[0m[0;34m)[0m    [0;31m#returns the IQR = Q3-Q1 = P75-P25[0m[0;34m[0m[0;34m[0m[0m
[0m[1;32m      4[0m [0mprint[0m[0;34m([0m[0;34m"The IQR of the budget of the Top10 highest-grossing films is "[0m[0;34m,[0m[0mIQR1[0m[0;34m)[0m[0;34m[0m[0;34m[0m[0m
[1;32m      5[0m [0;31m#via scipy.stats:[0m[0;34m[0m[0;34m[0m[0;34m[0m[0m

[0;31mNameError[0m: name 'np' is not defined
NameError: name 'np' is not defined

