Traceback (most recent call last):
  File "/opt/jupyterhub/lib/python3.8/site-packages/jupyter_cache/executors/utils.py", line 51, in single_nb_execution
    executenb(
  File "/opt/jupyterhub/lib/python3.8/site-packages/nbclient/client.py", line 1087, in execute
    return NotebookClient(nb=nb, resources=resources, km=km, **kwargs).execute()
  File "/opt/jupyterhub/lib/python3.8/site-packages/nbclient/util.py", line 74, in wrapped
    return just_run(coro(*args, **kwargs))
  File "/opt/jupyterhub/lib/python3.8/site-packages/nbclient/util.py", line 53, in just_run
    return loop.run_until_complete(coro)
  File "/usr/lib/python3.8/asyncio/base_events.py", line 616, in run_until_complete
    return future.result()
  File "/opt/jupyterhub/lib/python3.8/site-packages/nbclient/client.py", line 540, in async_execute
    await self.async_execute_cell(
  File "/opt/jupyterhub/lib/python3.8/site-packages/nbclient/client.py", line 832, in async_execute_cell
    self._check_raise_for_error(cell, exec_reply)
  File "/opt/jupyterhub/lib/python3.8/site-packages/nbclient/client.py", line 740, in _check_raise_for_error
    raise CellExecutionError.from_cell_and_msg(cell, exec_reply['content'])
nbclient.exceptions.CellExecutionError: An error occurred while executing the following cell:
------------------
#Step 4: Read and process the file, generate the contour plot
# http://54.243.252.9/engr-1330-webroot/8-Labs/Lab07/Lab07.html
# https://clouds.eos.ubc.ca/~phil/docs/problem_solving/06-Plotting-with-Matplotlib/06.14-Contour-Plots.html
# https://docs.scipy.org/doc/scipy/reference/generated/scipy.interpolate.griddata.html
# https://stackoverflow.com/questions/332289/how-do-you-change-the-size-of-figures-drawn-with-matplotlib
# https://stackoverflow.com/questions/18730044/converting-two-lists-into-a-matrix
# https://stackoverflow.com/questions/3242382/interpolation-over-an-irregular-grid
# https://stackoverflow.com/questions/33919875/interpolate-irregular-3d-data-from-a-xyz-file-to-a-regular-grid
import pandas
my_xyz = pandas.read_csv('pip-corner-sumps.txt',sep='\t') # read an ascii file already prepared, delimiter is tabs
my_xyz = pandas.DataFrame(my_xyz) # convert into a data frame
#print(my_xyz) # activate to examine the dataframe
import numpy 
import matplotlib
from scipy.interpolate import griddata
# extract lists from the dataframe
coord_x = my_xyz['X-Easting'].values.tolist()
coord_y = my_xyz['Y-Northing'].values.tolist()
coord_z = my_xyz['Z-Elevation'].values.tolist()
coord_xy = numpy.column_stack((coord_x, coord_y))
# Set plotting range in original data units
lon = numpy.linspace(min(coord_x), max(coord_x), 200)
lat = numpy.linspace(min(coord_y), max(coord_y), 200)
X, Y = numpy.meshgrid(lon, lat)
# Grid the data; use cubic spline interpolation (other choices are nearest and linear)
Z = griddata(numpy.array(coord_xy), numpy.array(coord_z), (X, Y), method='linear')
# Build the map
fig, ax = matplotlib.pyplot.subplots()
fig.set_size_inches(14, 7)
CS = ax.contour(X, Y, Z, levels = 12)
ax.clabel(CS, inline=2, fontsize=10)
ax.set_title('Contour Plot from Gridded Data File')
------------------

[0;31m---------------------------------------------------------------------------[0m
[0;31mAttributeError[0m                            Traceback (most recent call last)
[0;32m<ipython-input-3-84a124bfa2ab>[0m in [0;36m<module>[0;34m[0m
[1;32m     26[0m [0mZ[0m [0;34m=[0m [0mgriddata[0m[0;34m([0m[0mnumpy[0m[0;34m.[0m[0marray[0m[0;34m([0m[0mcoord_xy[0m[0;34m)[0m[0;34m,[0m [0mnumpy[0m[0;34m.[0m[0marray[0m[0;34m([0m[0mcoord_z[0m[0;34m)[0m[0;34m,[0m [0;34m([0m[0mX[0m[0;34m,[0m [0mY[0m[0;34m)[0m[0;34m,[0m [0mmethod[0m[0;34m=[0m[0;34m'linear'[0m[0;34m)[0m[0;34m[0m[0;34m[0m[0m
[1;32m     27[0m [0;31m# Build the map[0m[0;34m[0m[0;34m[0m[0;34m[0m[0m
[0;32m---> 28[0;31m [0mfig[0m[0;34m,[0m [0max[0m [0;34m=[0m [0mmatplotlib[0m[0;34m.[0m[0mpyplot[0m[0;34m.[0m[0msubplots[0m[0;34m([0m[0;34m)[0m[0;34m[0m[0;34m[0m[0m
[0m[1;32m     29[0m [0mfig[0m[0;34m.[0m[0mset_size_inches[0m[0;34m([0m[0;36m14[0m[0;34m,[0m [0;36m7[0m[0;34m)[0m[0;34m[0m[0;34m[0m[0m
[1;32m     30[0m [0mCS[0m [0;34m=[0m [0max[0m[0;34m.[0m[0mcontour[0m[0;34m([0m[0mX[0m[0;34m,[0m [0mY[0m[0;34m,[0m [0mZ[0m[0;34m,[0m [0mlevels[0m [0;34m=[0m [0;36m12[0m[0;34m)[0m[0;34m[0m[0;34m[0m[0m

[0;31mAttributeError[0m: module 'matplotlib' has no attribute 'pyplot'
AttributeError: module 'matplotlib' has no attribute 'pyplot'

