Traceback (most recent call last):
  File "/opt/jupyterhub/lib/python3.8/site-packages/jupyter_cache/executors/utils.py", line 51, in single_nb_execution
    executenb(
  File "/opt/jupyterhub/lib/python3.8/site-packages/nbclient/client.py", line 1087, in execute
    return NotebookClient(nb=nb, resources=resources, km=km, **kwargs).execute()
  File "/opt/jupyterhub/lib/python3.8/site-packages/nbclient/util.py", line 74, in wrapped
    return just_run(coro(*args, **kwargs))
  File "/opt/jupyterhub/lib/python3.8/site-packages/nbclient/util.py", line 53, in just_run
    return loop.run_until_complete(coro)
  File "/usr/lib/python3.8/asyncio/base_events.py", line 616, in run_until_complete
    return future.result()
  File "/opt/jupyterhub/lib/python3.8/site-packages/nbclient/client.py", line 540, in async_execute
    await self.async_execute_cell(
  File "/opt/jupyterhub/lib/python3.8/site-packages/nbclient/client.py", line 832, in async_execute_cell
    self._check_raise_for_error(cell, exec_reply)
  File "/opt/jupyterhub/lib/python3.8/site-packages/nbclient/client.py", line 740, in _check_raise_for_error
    raise CellExecutionError.from_cell_and_msg(cell, exec_reply['content'])
nbclient.exceptions.CellExecutionError: An error occurred while executing the following cell:
------------------
X = data.iloc[:,:-1]         # Features - All columns but last
y = data.iloc[:,-1]          # Target - Last Column

# we need to split the data
from sklearn.model_selection import train_test_split
X_train, X_test, y_train, y_test = train_test_split(X, y, test_size=0.2, random_state=2)
# now scale the data
from sklearn.preprocessing import StandardScaler
sc = StandardScaler()
X_train = sc.fit_transform(X_train)
X_test = sc.transform(X_test)
# set the weights
#w = np.ones(len(X_train))   # This will be OLS until we change the weights
# Now attempt a fit
mod_wls = sm.WLS(y_train, X_train, weights=w)
res_wls = mod_wls.fit()
print(res_wls.summary())
------------------

[0;31m---------------------------------------------------------------------------[0m
[0;31mValueError[0m                                Traceback (most recent call last)
[0;32m<ipython-input-22-634d0ebb6dc6>[0m in [0;36m<module>[0;34m[0m
[1;32m     13[0m [0;31m#w = np.ones(len(X_train))   # This will be OLS until we change the weights[0m[0;34m[0m[0;34m[0m[0;34m[0m[0m
[1;32m     14[0m [0;31m# Now attempt a fit[0m[0;34m[0m[0;34m[0m[0;34m[0m[0m
[0;32m---> 15[0;31m [0mmod_wls[0m [0;34m=[0m [0msm[0m[0;34m.[0m[0mWLS[0m[0;34m([0m[0my_train[0m[0;34m,[0m [0mX_train[0m[0;34m,[0m [0mweights[0m[0;34m=[0m[0mw[0m[0;34m)[0m[0;34m[0m[0;34m[0m[0m
[0m[1;32m     16[0m [0mres_wls[0m [0;34m=[0m [0mmod_wls[0m[0;34m.[0m[0mfit[0m[0;34m([0m[0;34m)[0m[0;34m[0m[0;34m[0m[0m
[1;32m     17[0m [0mprint[0m[0;34m([0m[0mres_wls[0m[0;34m.[0m[0msummary[0m[0;34m([0m[0;34m)[0m[0;34m)[0m[0;34m[0m[0;34m[0m[0m

[0;32m/opt/jupyterhub/lib/python3.8/site-packages/statsmodels/regression/linear_model.py[0m in [0;36m__init__[0;34m(self, endog, exog, weights, missing, hasconst, **kwargs)[0m
[1;32m    701[0m         [0;32melse[0m[0;34m:[0m[0;34m[0m[0;34m[0m[0m
[1;32m    702[0m             [0mweights[0m [0;34m=[0m [0mweights[0m[0;34m.[0m[0msqueeze[0m[0;34m([0m[0;34m)[0m[0;34m[0m[0;34m[0m[0m
[0;32m--> 703[0;31m         super(WLS, self).__init__(endog, exog, missing=missing,
[0m[1;32m    704[0m                                   weights=weights, hasconst=hasconst, **kwargs)
[1;32m    705[0m         [0mnobs[0m [0;34m=[0m [0mself[0m[0;34m.[0m[0mexog[0m[0;34m.[0m[0mshape[0m[0;34m[[0m[0;36m0[0m[0;34m][0m[0;34m[0m[0;34m[0m[0m

[0;32m/opt/jupyterhub/lib/python3.8/site-packages/statsmodels/regression/linear_model.py[0m in [0;36m__init__[0;34m(self, endog, exog, **kwargs)[0m
[1;32m    188[0m     """
[1;32m    189[0m     [0;32mdef[0m [0m__init__[0m[0;34m([0m[0mself[0m[0;34m,[0m [0mendog[0m[0;34m,[0m [0mexog[0m[0;34m,[0m [0;34m**[0m[0mkwargs[0m[0;34m)[0m[0;34m:[0m[0;34m[0m[0;34m[0m[0m
[0;32m--> 190[0;31m         [0msuper[0m[0;34m([0m[0mRegressionModel[0m[0;34m,[0m [0mself[0m[0;34m)[0m[0;34m.[0m[0m__init__[0m[0;34m([0m[0mendog[0m[0;34m,[0m [0mexog[0m[0;34m,[0m [0;34m**[0m[0mkwargs[0m[0;34m)[0m[0;34m[0m[0;34m[0m[0m
[0m[1;32m    191[0m         [0mself[0m[0;34m.[0m[0m_data_attr[0m[0;34m.[0m[0mextend[0m[0;34m([0m[0;34m[[0m[0;34m'pinv_wexog'[0m[0;34m,[0m [0;34m'weights'[0m[0;34m][0m[0;34m)[0m[0;34m[0m[0;34m[0m[0m
[1;32m    192[0m [0;34m[0m[0m

[0;32m/opt/jupyterhub/lib/python3.8/site-packages/statsmodels/base/model.py[0m in [0;36m__init__[0;34m(self, endog, exog, **kwargs)[0m
[1;32m    236[0m     [0;32mdef[0m [0m__init__[0m[0;34m([0m[0mself[0m[0;34m,[0m [0mendog[0m[0;34m,[0m [0mexog[0m[0;34m=[0m[0;32mNone[0m[0;34m,[0m [0;34m**[0m[0mkwargs[0m[0;34m)[0m[0;34m:[0m[0;34m[0m[0;34m[0m[0m
[1;32m    237[0m         [0msuper[0m[0;34m([0m[0mLikelihoodModel[0m[0;34m,[0m [0mself[0m[0;34m)[0m[0;34m.[0m[0m__init__[0m[0;34m([0m[0mendog[0m[0;34m,[0m [0mexog[0m[0;34m,[0m [0;34m**[0m[0mkwargs[0m[0;34m)[0m[0;34m[0m[0;34m[0m[0m
[0;32m--> 238[0;31m         [0mself[0m[0;34m.[0m[0minitialize[0m[0;34m([0m[0;34m)[0m[0;34m[0m[0;34m[0m[0m
[0m[1;32m    239[0m [0;34m[0m[0m
[1;32m    240[0m     [0;32mdef[0m [0minitialize[0m[0;34m([0m[0mself[0m[0;34m)[0m[0;34m:[0m[0;34m[0m[0;34m[0m[0m

[0;32m/opt/jupyterhub/lib/python3.8/site-packages/statsmodels/regression/linear_model.py[0m in [0;36minitialize[0;34m(self)[0m
[1;32m    193[0m     [0;32mdef[0m [0minitialize[0m[0;34m([0m[0mself[0m[0;34m)[0m[0;34m:[0m[0;34m[0m[0;34m[0m[0m
[1;32m    194[0m         [0;34m"""Initialize model components."""[0m[0;34m[0m[0;34m[0m[0m
[0;32m--> 195[0;31m         [0mself[0m[0;34m.[0m[0mwexog[0m [0;34m=[0m [0mself[0m[0;34m.[0m[0mwhiten[0m[0;34m([0m[0mself[0m[0;34m.[0m[0mexog[0m[0;34m)[0m[0;34m[0m[0;34m[0m[0m
[0m[1;32m    196[0m         [0mself[0m[0;34m.[0m[0mwendog[0m [0;34m=[0m [0mself[0m[0;34m.[0m[0mwhiten[0m[0;34m([0m[0mself[0m[0;34m.[0m[0mendog[0m[0;34m)[0m[0;34m[0m[0;34m[0m[0m
[1;32m    197[0m         [0;31m# overwrite nobs from class Model:[0m[0;34m[0m[0;34m[0m[0;34m[0m[0m

[0;32m/opt/jupyterhub/lib/python3.8/site-packages/statsmodels/regression/linear_model.py[0m in [0;36mwhiten[0;34m(self, x)[0m
[1;32m    729[0m             [0;32mreturn[0m [0mx[0m [0;34m*[0m [0mnp[0m[0;34m.[0m[0msqrt[0m[0;34m([0m[0mself[0m[0;34m.[0m[0mweights[0m[0;34m)[0m[0;34m[0m[0;34m[0m[0m
[1;32m    730[0m         [0;32melif[0m [0mx[0m[0;34m.[0m[0mndim[0m [0;34m==[0m [0;36m2[0m[0;34m:[0m[0;34m[0m[0;34m[0m[0m
[0;32m--> 731[0;31m             [0;32mreturn[0m [0mnp[0m[0;34m.[0m[0msqrt[0m[0;34m([0m[0mself[0m[0;34m.[0m[0mweights[0m[0;34m)[0m[0;34m[[0m[0;34m:[0m[0;34m,[0m [0;32mNone[0m[0;34m][0m [0;34m*[0m [0mx[0m[0;34m[0m[0;34m[0m[0m
[0m[1;32m    732[0m [0;34m[0m[0m
[1;32m    733[0m     [0;32mdef[0m [0mloglike[0m[0;34m([0m[0mself[0m[0;34m,[0m [0mparams[0m[0;34m)[0m[0;34m:[0m[0;34m[0m[0;34m[0m[0m

[0;31mValueError[0m: operands could not be broadcast together with shapes (50,1) (824,8) 
ValueError: operands could not be broadcast together with shapes (50,1) (824,8) 

